<?xml version="1.0" encoding="UTF-8"?>
<!-- Generated by org.testng.reporters.JUnitReportReporter -->
<testsuite hostname="mufti-awl18" failures="0" tests="1" name="com.test.tests.LoginTest" time="8.723" errors="0" timestamp="2023-08-02T13:51:28 BDT" skipped="0">
  <testcase classname="com.test.tests.LoginTest" name="loginTest" time="8.723"/>
</testsuite> <!-- com.test.tests.LoginTest -->
