<?xml version="1.0" encoding="UTF-8"?>
<!-- Generated by org.testng.reporters.JUnitReportReporter -->
<testsuite hostname="mufti-awl18" failures="0" tests="1" name="com.test.tests.DashboardTest" time="7.658" errors="0" timestamp="2023-08-01T11:08:43 BDT" skipped="0">
  <testcase classname="com.test.tests.DashboardTest" name="dashBoardTest" time="7.658"/>
</testsuite> <!-- com.test.tests.DashboardTest -->
